<?xml version="1.0" encoding="UTF-8" standalone="yes"?>
<ns2:test-suite start="1628765222399" stop="1628765227904" version="1.5.4" xmlns:ns2="urn:model.allure.qatools.yandex.ru">
    <name>Default suite : Default test</name>
    <title>Default suite : Default test</title>
    <test-cases>
        <test-case start="1628765222518" stop="1628765226085" status="failed">
            <name>Validate_Amazon_SDK_adsdk_parameter</name>
            <description type="text">Validating 'adsdk' parameter of Amazon aax call</description>
            <failure>
                <message>AssertionError: Custom Parameter :adsdk value: aps-android-9.1.0 is not matched with the expected value aps-android-8.0.0</message>
                <stack-trace>java.lang.AssertionError: Custom Parameter :adsdk value: aps-android-9.1.0 is not matched with the expected value aps-android-8.0.0
	at org.testng.Assert.fail(Assert.java:94)
	at twc.Regression.General.Functions.validate_Amazon_aax_call_parameter(Functions.java:7404)
	at twc.Regression.TestCases.regressionTestCases.Validate_Amazon_SDK_adsdk_parameter(regressionTestCases.java:49)
	at sun.reflect.NativeMethodAccessorImpl.invoke0(Native Method)
	at sun.reflect.NativeMethodAccessorImpl.invoke(NativeMethodAccessorImpl.java:62)
	at sun.reflect.DelegatingMethodAccessorImpl.invoke(DelegatingMethodAccessorImpl.java:43)
	at java.lang.reflect.Method.invoke(Method.java:498)
	at org.testng.internal.MethodInvocationHelper.invokeMethod(MethodInvocationHelper.java:85)
	at org.testng.internal.Invoker.invokeMethod(Invoker.java:659)
	at org.testng.internal.Invoker.invokeTestMethod(Invoker.java:845)
	at org.testng.internal.Invoker.invokeTestMethods(Invoker.java:1153)
	at org.testng.internal.TestMethodWorker.invokeTestMethods(TestMethodWorker.java:125)
	at org.testng.internal.TestMethodWorker.run(TestMethodWorker.java:108)
	at org.testng.TestRunner.privateRun(TestRunner.java:771)
	at org.testng.TestRunner.run(TestRunner.java:621)
	at org.testng.SuiteRunner.runTest(SuiteRunner.java:357)
	at org.testng.SuiteRunner.runSequentially(SuiteRunner.java:352)
	at org.testng.SuiteRunner.privateRun(SuiteRunner.java:310)
	at org.testng.SuiteRunner.run(SuiteRunner.java:259)
	at org.testng.SuiteRunnerWorker.runSuite(SuiteRunnerWorker.java:52)
	at org.testng.SuiteRunnerWorker.run(SuiteRunnerWorker.java:86)
	at org.testng.TestNG.runSuitesSequentially(TestNG.java:1199)
	at org.testng.TestNG.runSuitesLocally(TestNG.java:1124)
	at org.testng.TestNG.run(TestNG.java:1032)
	at org.testng.remote.AbstractRemoteTestNG.run(AbstractRemoteTestNG.java:115)
	at org.testng.remote.RemoteTestNG.initAndRun(RemoteTestNG.java:251)
	at org.testng.remote.RemoteTestNG.main(RemoteTestNG.java:77)
</stack-trace>
            </failure>
            <steps>
                <step start="1628765222542" stop="1628765222543" status="passed">
                    <name>logStep[****** Validating Amazon SDK version i.e. 'adsdk' parameter of Amazon aax call]</name>
                    <title>****** Validating Amazon SDK version i.e. 'adsdk' parameter of Amazon aax call</title>
                </step>
                <step start="1628765222574" stop="1628765222574" status="passed">
                    <name>logStep[File Name is : Charles20210809135050.chlsx]</name>
                    <title>File Name is : Charles20210809135050.chlsx</title>
                </step>
                <step start="1628765223080" stop="1628765223080" status="passed">
                    <name>logStep[Successfully Generated XML file from Charles session file!!]</name>
                    <title>Successfully Generated XML file from Charles session file!!</title>
                </step>
                <step start="1628765224854" stop="1628765224854" status="passed">
                    <name>logStep[aax-us-east.amazon-adsystem.com  call is present]</name>
                    <title>aax-us-east.amazon-adsystem.com  call is present</title>
                </step>
                <step start="1628765224887" stop="1628765224887" status="passed">
                    <name>logStep[aax-us-east.amazon-adsystem.com/e/msdk/ads  call is present in Charles session]</name>
                    <title>aax-us-east.amazon-adsystem.com/e/msdk/ads  call is present in Charles session</title>
                </step>
                <step start="1628765226040" stop="1628765226040" status="passed">
                    <name>logStep[aax-us-east.amazon-adsystem.com  call is present]</name>
                    <title>aax-us-east.amazon-adsystem.com  call is present</title>
                </step>
                <step start="1628765226077" stop="1628765226077" status="passed">
                    <name>logStep[Custom Parameter :adsdk value: aps-android-9.1.0 is not matched with the expected value aps-android-8.0.0]</name>
                    <title>Custom Parameter :adsdk value: aps-android-9.1.0 is not matched with the expected value aps-android-8.0.0</title>
                </step>
            </steps>
            <attachments/>
            <labels>
                <label name="testSuite" value="Default suite"/>
                <label name="testGroup" value="Default test"/>
                <label name="testClass" value="twc.Regression.TestCases.regressionTestCases"/>
                <label name="testMethod" value="Validate_Amazon_SDK_adsdk_parameter"/>
                <label name="host" value="AswinikumarsMBP.lan"/>
                <label name="thread" value="7290@AswinikumarsMBP.lan.main(1)"/>
            </labels>
        </test-case>
        <test-case start="1628765222518" stop="1628765226085" status="failed">
            <name>Validate_Amazon_SDK_adsdk_parameter</name>
            <description type="text">Validating 'adsdk' parameter of Amazon aax call</description>
            <failure>
                <message>AssertionError: Custom Parameter :adsdk value: aps-android-9.1.0 is not matched with the expected value aps-android-8.0.0</message>
                <stack-trace>java.lang.AssertionError: Custom Parameter :adsdk value: aps-android-9.1.0 is not matched with the expected value aps-android-8.0.0
	at org.testng.Assert.fail(Assert.java:94)
	at twc.Regression.General.Functions.validate_Amazon_aax_call_parameter(Functions.java:7404)
	at twc.Regression.TestCases.regressionTestCases.Validate_Amazon_SDK_adsdk_parameter(regressionTestCases.java:49)
	at sun.reflect.NativeMethodAccessorImpl.invoke0(Native Method)
	at sun.reflect.NativeMethodAccessorImpl.invoke(NativeMethodAccessorImpl.java:62)
	at sun.reflect.DelegatingMethodAccessorImpl.invoke(DelegatingMethodAccessorImpl.java:43)
	at java.lang.reflect.Method.invoke(Method.java:498)
	at org.testng.internal.MethodInvocationHelper.invokeMethod(MethodInvocationHelper.java:85)
	at org.testng.internal.Invoker.invokeMethod(Invoker.java:659)
	at org.testng.internal.Invoker.invokeTestMethod(Invoker.java:845)
	at org.testng.internal.Invoker.invokeTestMethods(Invoker.java:1153)
	at org.testng.internal.TestMethodWorker.invokeTestMethods(TestMethodWorker.java:125)
	at org.testng.internal.TestMethodWorker.run(TestMethodWorker.java:108)
	at org.testng.TestRunner.privateRun(TestRunner.java:771)
	at org.testng.TestRunner.run(TestRunner.java:621)
	at org.testng.SuiteRunner.runTest(SuiteRunner.java:357)
	at org.testng.SuiteRunner.runSequentially(SuiteRunner.java:352)
	at org.testng.SuiteRunner.privateRun(SuiteRunner.java:310)
	at org.testng.SuiteRunner.run(SuiteRunner.java:259)
	at org.testng.SuiteRunnerWorker.runSuite(SuiteRunnerWorker.java:52)
	at org.testng.SuiteRunnerWorker.run(SuiteRunnerWorker.java:86)
	at org.testng.TestNG.runSuitesSequentially(TestNG.java:1199)
	at org.testng.TestNG.runSuitesLocally(TestNG.java:1124)
	at org.testng.TestNG.run(TestNG.java:1032)
	at org.testng.remote.AbstractRemoteTestNG.run(AbstractRemoteTestNG.java:115)
	at org.testng.remote.RemoteTestNG.initAndRun(RemoteTestNG.java:251)
	at org.testng.remote.RemoteTestNG.main(RemoteTestNG.java:77)
</stack-trace>
            </failure>
            <steps>
                <step start="1628765222542" stop="1628765222543" status="passed">
                    <name>logStep[****** Validating Amazon SDK version i.e. 'adsdk' parameter of Amazon aax call]</name>
                    <title>****** Validating Amazon SDK version i.e. 'adsdk' parameter of Amazon aax call</title>
                </step>
                <step start="1628765222574" stop="1628765222574" status="passed">
                    <name>logStep[File Name is : Charles20210809135050.chlsx]</name>
                    <title>File Name is : Charles20210809135050.chlsx</title>
                </step>
                <step start="1628765223080" stop="1628765223080" status="passed">
                    <name>logStep[Successfully Generated XML file from Charles session file!!]</name>
                    <title>Successfully Generated XML file from Charles session file!!</title>
                </step>
                <step start="1628765224854" stop="1628765224854" status="passed">
                    <name>logStep[aax-us-east.amazon-adsystem.com  call is present]</name>
                    <title>aax-us-east.amazon-adsystem.com  call is present</title>
                </step>
                <step start="1628765224887" stop="1628765224887" status="passed">
                    <name>logStep[aax-us-east.amazon-adsystem.com/e/msdk/ads  call is present in Charles session]</name>
                    <title>aax-us-east.amazon-adsystem.com/e/msdk/ads  call is present in Charles session</title>
                </step>
                <step start="1628765226040" stop="1628765226040" status="passed">
                    <name>logStep[aax-us-east.amazon-adsystem.com  call is present]</name>
                    <title>aax-us-east.amazon-adsystem.com  call is present</title>
                </step>
                <step start="1628765226077" stop="1628765226077" status="passed">
                    <name>logStep[Custom Parameter :adsdk value: aps-android-9.1.0 is not matched with the expected value aps-android-8.0.0]</name>
                    <title>Custom Parameter :adsdk value: aps-android-9.1.0 is not matched with the expected value aps-android-8.0.0</title>
                </step>
            </steps>
            <attachments/>
            <labels>
                <label name="testSuite" value="Default suite"/>
                <label name="testGroup" value="Default test"/>
                <label name="testClass" value="twc.Regression.TestCases.regressionTestCases"/>
                <label name="testMethod" value="Validate_Amazon_SDK_adsdk_parameter"/>
                <label name="host" value="AswinikumarsMBP.lan"/>
                <label name="thread" value="7290@AswinikumarsMBP.lan.main(1)"/>
            </labels>
        </test-case>
        <test-case start="1628765226090" stop="1628765226922" status="failed">
            <name>Validate_GMA_SDK_version</name>
            <description type="text">Validating Google Mobile Ads SDK version of gampad call </description>
            <failure>
                <message>AssertionError: Custom Parameter :js value: afma-sdk-a-v212104999.211512000.1 is not matched with the expected value afma-sdk-a-v211512999.203404000.1</message>
                <stack-trace>java.lang.AssertionError: Custom Parameter :js value: afma-sdk-a-v212104999.211512000.1 is not matched with the expected value afma-sdk-a-v211512999.203404000.1
	at org.testng.Assert.fail(Assert.java:94)
	at twc.Regression.General.Functions.validate_Noncustom_param_val_of_gampad(Functions.java:7508)
	at twc.Regression.TestCases.regressionTestCases.Validate_GMA_SDK_version(regressionTestCases.java:60)
	at sun.reflect.NativeMethodAccessorImpl.invoke0(Native Method)
	at sun.reflect.NativeMethodAccessorImpl.invoke(NativeMethodAccessorImpl.java:62)
	at sun.reflect.DelegatingMethodAccessorImpl.invoke(DelegatingMethodAccessorImpl.java:43)
	at java.lang.reflect.Method.invoke(Method.java:498)
	at org.testng.internal.MethodInvocationHelper.invokeMethod(MethodInvocationHelper.java:85)
	at org.testng.internal.Invoker.invokeMethod(Invoker.java:659)
	at org.testng.internal.Invoker.invokeTestMethod(Invoker.java:845)
	at org.testng.internal.Invoker.invokeTestMethods(Invoker.java:1153)
	at org.testng.internal.TestMethodWorker.invokeTestMethods(TestMethodWorker.java:125)
	at org.testng.internal.TestMethodWorker.run(TestMethodWorker.java:108)
	at org.testng.TestRunner.privateRun(TestRunner.java:771)
	at org.testng.TestRunner.run(TestRunner.java:621)
	at org.testng.SuiteRunner.runTest(SuiteRunner.java:357)
	at org.testng.SuiteRunner.runSequentially(SuiteRunner.java:352)
	at org.testng.SuiteRunner.privateRun(SuiteRunner.java:310)
	at org.testng.SuiteRunner.run(SuiteRunner.java:259)
	at org.testng.SuiteRunnerWorker.runSuite(SuiteRunnerWorker.java:52)
	at org.testng.SuiteRunnerWorker.run(SuiteRunnerWorker.java:86)
	at org.testng.TestNG.runSuitesSequentially(TestNG.java:1199)
	at org.testng.TestNG.runSuitesLocally(TestNG.java:1124)
	at org.testng.TestNG.run(TestNG.java:1032)
	at org.testng.remote.AbstractRemoteTestNG.run(AbstractRemoteTestNG.java:115)
	at org.testng.remote.RemoteTestNG.initAndRun(RemoteTestNG.java:251)
	at org.testng.remote.RemoteTestNG.main(RemoteTestNG.java:77)
</stack-trace>
            </failure>
            <steps>
                <step start="1628765226091" stop="1628765226091" status="passed">
                    <name>logStep[Validating Google Mobile Ads SDK Version i.e. 'js' parameter of gampad call]</name>
                    <title>Validating Google Mobile Ads SDK Version i.e. 'js' parameter of gampad call</title>
                </step>
                <step start="1628765226922" stop="1628765226922" status="passed">
                    <name>logStep[Custom Parameter :js value: afma-sdk-a-v212104999.211512000.1 is not matched with the expected value afma-sdk-a-...]</name>
                    <title>Custom Parameter :js value: afma-sdk-a-v212104999.211512000.1 is not matched with the expected value afma-sdk-a-v2115129...</title>
                </step>
            </steps>
            <attachments/>
            <labels>
                <label name="testSuite" value="Default suite"/>
                <label name="testGroup" value="Default test"/>
                <label name="testClass" value="twc.Regression.TestCases.regressionTestCases"/>
                <label name="testMethod" value="Validate_GMA_SDK_version"/>
                <label name="host" value="AswinikumarsMBP.lan"/>
                <label name="thread" value="7290@AswinikumarsMBP.lan.main(1)"/>
            </labels>
        </test-case>
        <test-case start="1628765226090" stop="1628765226922" status="failed">
            <name>Validate_GMA_SDK_version</name>
            <description type="text">Validating Google Mobile Ads SDK version of gampad call </description>
            <failure>
                <message>AssertionError: Custom Parameter :js value: afma-sdk-a-v212104999.211512000.1 is not matched with the expected value afma-sdk-a-v211512999.203404000.1</message>
                <stack-trace>java.lang.AssertionError: Custom Parameter :js value: afma-sdk-a-v212104999.211512000.1 is not matched with the expected value afma-sdk-a-v211512999.203404000.1
	at org.testng.Assert.fail(Assert.java:94)
	at twc.Regression.General.Functions.validate_Noncustom_param_val_of_gampad(Functions.java:7508)
	at twc.Regression.TestCases.regressionTestCases.Validate_GMA_SDK_version(regressionTestCases.java:60)
	at sun.reflect.NativeMethodAccessorImpl.invoke0(Native Method)
	at sun.reflect.NativeMethodAccessorImpl.invoke(NativeMethodAccessorImpl.java:62)
	at sun.reflect.DelegatingMethodAccessorImpl.invoke(DelegatingMethodAccessorImpl.java:43)
	at java.lang.reflect.Method.invoke(Method.java:498)
	at org.testng.internal.MethodInvocationHelper.invokeMethod(MethodInvocationHelper.java:85)
	at org.testng.internal.Invoker.invokeMethod(Invoker.java:659)
	at org.testng.internal.Invoker.invokeTestMethod(Invoker.java:845)
	at org.testng.internal.Invoker.invokeTestMethods(Invoker.java:1153)
	at org.testng.internal.TestMethodWorker.invokeTestMethods(TestMethodWorker.java:125)
	at org.testng.internal.TestMethodWorker.run(TestMethodWorker.java:108)
	at org.testng.TestRunner.privateRun(TestRunner.java:771)
	at org.testng.TestRunner.run(TestRunner.java:621)
	at org.testng.SuiteRunner.runTest(SuiteRunner.java:357)
	at org.testng.SuiteRunner.runSequentially(SuiteRunner.java:352)
	at org.testng.SuiteRunner.privateRun(SuiteRunner.java:310)
	at org.testng.SuiteRunner.run(SuiteRunner.java:259)
	at org.testng.SuiteRunnerWorker.runSuite(SuiteRunnerWorker.java:52)
	at org.testng.SuiteRunnerWorker.run(SuiteRunnerWorker.java:86)
	at org.testng.TestNG.runSuitesSequentially(TestNG.java:1199)
	at org.testng.TestNG.runSuitesLocally(TestNG.java:1124)
	at org.testng.TestNG.run(TestNG.java:1032)
	at org.testng.remote.AbstractRemoteTestNG.run(AbstractRemoteTestNG.java:115)
	at org.testng.remote.RemoteTestNG.initAndRun(RemoteTestNG.java:251)
	at org.testng.remote.RemoteTestNG.main(RemoteTestNG.java:77)
</stack-trace>
            </failure>
            <steps>
                <step start="1628765226091" stop="1628765226091" status="passed">
                    <name>logStep[Validating Google Mobile Ads SDK Version i.e. 'js' parameter of gampad call]</name>
                    <title>Validating Google Mobile Ads SDK Version i.e. 'js' parameter of gampad call</title>
                </step>
                <step start="1628765226922" stop="1628765226922" status="passed">
                    <name>logStep[Custom Parameter :js value: afma-sdk-a-v212104999.211512000.1 is not matched with the expected value afma-sdk-a-...]</name>
                    <title>Custom Parameter :js value: afma-sdk-a-v212104999.211512000.1 is not matched with the expected value afma-sdk-a-v2115129...</title>
                </step>
            </steps>
            <attachments/>
            <labels>
                <label name="testSuite" value="Default suite"/>
                <label name="testGroup" value="Default test"/>
                <label name="testClass" value="twc.Regression.TestCases.regressionTestCases"/>
                <label name="testMethod" value="Validate_GMA_SDK_version"/>
                <label name="host" value="AswinikumarsMBP.lan"/>
                <label name="thread" value="7290@AswinikumarsMBP.lan.main(1)"/>
            </labels>
        </test-case>
        <test-case start="1628765226925" stop="1628765227866" status="failed">
            <name>Validate_Criteo_SDK_config_app_Call_sdkVersion_parameter</name>
            <description type="text">Validating 'sdkVersion' parameter of Criteo SDK config app call </description>
            <failure>
                <message>AssertionError: Custom Parameter :sdkVersion value: 4.4.0 is not matched with the expected value 3.10.1</message>
                <stack-trace>java.lang.AssertionError: Custom Parameter :sdkVersion value: 4.4.0 is not matched with the expected value 3.10.1
	at org.testng.Assert.fail(Assert.java:94)
	at twc.Regression.General.Functions.validate_Criteo_SDK_config_app_call_parameter(Functions.java:5938)
	at twc.Regression.TestCases.regressionTestCases.Validate_Criteo_SDK_config_app_Call_sdkVersion_parameter(regressionTestCases.java:70)
	at sun.reflect.NativeMethodAccessorImpl.invoke0(Native Method)
	at sun.reflect.NativeMethodAccessorImpl.invoke(NativeMethodAccessorImpl.java:62)
	at sun.reflect.DelegatingMethodAccessorImpl.invoke(DelegatingMethodAccessorImpl.java:43)
	at java.lang.reflect.Method.invoke(Method.java:498)
	at org.testng.internal.MethodInvocationHelper.invokeMethod(MethodInvocationHelper.java:85)
	at org.testng.internal.Invoker.invokeMethod(Invoker.java:659)
	at org.testng.internal.Invoker.invokeTestMethod(Invoker.java:845)
	at org.testng.internal.Invoker.invokeTestMethods(Invoker.java:1153)
	at org.testng.internal.TestMethodWorker.invokeTestMethods(TestMethodWorker.java:125)
	at org.testng.internal.TestMethodWorker.run(TestMethodWorker.java:108)
	at org.testng.TestRunner.privateRun(TestRunner.java:771)
	at org.testng.TestRunner.run(TestRunner.java:621)
	at org.testng.SuiteRunner.runTest(SuiteRunner.java:357)
	at org.testng.SuiteRunner.runSequentially(SuiteRunner.java:352)
	at org.testng.SuiteRunner.privateRun(SuiteRunner.java:310)
	at org.testng.SuiteRunner.run(SuiteRunner.java:259)
	at org.testng.SuiteRunnerWorker.runSuite(SuiteRunnerWorker.java:52)
	at org.testng.SuiteRunnerWorker.run(SuiteRunnerWorker.java:86)
	at org.testng.TestNG.runSuitesSequentially(TestNG.java:1199)
	at org.testng.TestNG.runSuitesLocally(TestNG.java:1124)
	at org.testng.TestNG.run(TestNG.java:1032)
	at org.testng.remote.AbstractRemoteTestNG.run(AbstractRemoteTestNG.java:115)
	at org.testng.remote.RemoteTestNG.initAndRun(RemoteTestNG.java:251)
	at org.testng.remote.RemoteTestNG.main(RemoteTestNG.java:77)
</stack-trace>
            </failure>
            <steps>
                <step start="1628765226926" stop="1628765226926" status="passed">
                    <name>logStep[****** Validating 'sdkVersion' parameter of Criteo SDK config app call]</name>
                    <title>****** Validating 'sdkVersion' parameter of Criteo SDK config app call</title>
                </step>
                <step start="1628765227358" stop="1628765227358" status="passed">
                    <name>logStep[bidder.criteo.com  call is present]</name>
                    <title>bidder.criteo.com  call is present</title>
                </step>
                <step start="1628765227371" stop="1628765227371" status="passed">
                    <name>logStep[bidder.criteo.com/config/app call is present in Charles session]</name>
                    <title>bidder.criteo.com/config/app call is present in Charles session</title>
                </step>
                <step start="1628765227853" stop="1628765227853" status="passed">
                    <name>logStep[bidder.criteo.com  call is present]</name>
                    <title>bidder.criteo.com  call is present</title>
                </step>
                <step start="1628765227865" stop="1628765227865" status="passed">
                    <name>logStep[Custom Parameter :sdkVersion value: 4.4.0 is not matched with the expected value 3.10.1]</name>
                    <title>Custom Parameter :sdkVersion value: 4.4.0 is not matched with the expected value 3.10.1</title>
                </step>
            </steps>
            <attachments/>
            <labels>
                <label name="testSuite" value="Default suite"/>
                <label name="testGroup" value="Default test"/>
                <label name="testClass" value="twc.Regression.TestCases.regressionTestCases"/>
                <label name="testMethod" value="Validate_Criteo_SDK_config_app_Call_sdkVersion_parameter"/>
                <label name="host" value="AswinikumarsMBP.lan"/>
                <label name="thread" value="7290@AswinikumarsMBP.lan.main(1)"/>
            </labels>
        </test-case>
        <test-case start="1628765226925" stop="1628765227866" status="failed">
            <name>Validate_Criteo_SDK_config_app_Call_sdkVersion_parameter</name>
            <description type="text">Validating 'sdkVersion' parameter of Criteo SDK config app call </description>
            <failure>
                <message>AssertionError: Custom Parameter :sdkVersion value: 4.4.0 is not matched with the expected value 3.10.1</message>
                <stack-trace>java.lang.AssertionError: Custom Parameter :sdkVersion value: 4.4.0 is not matched with the expected value 3.10.1
	at org.testng.Assert.fail(Assert.java:94)
	at twc.Regression.General.Functions.validate_Criteo_SDK_config_app_call_parameter(Functions.java:5938)
	at twc.Regression.TestCases.regressionTestCases.Validate_Criteo_SDK_config_app_Call_sdkVersion_parameter(regressionTestCases.java:70)
	at sun.reflect.NativeMethodAccessorImpl.invoke0(Native Method)
	at sun.reflect.NativeMethodAccessorImpl.invoke(NativeMethodAccessorImpl.java:62)
	at sun.reflect.DelegatingMethodAccessorImpl.invoke(DelegatingMethodAccessorImpl.java:43)
	at java.lang.reflect.Method.invoke(Method.java:498)
	at org.testng.internal.MethodInvocationHelper.invokeMethod(MethodInvocationHelper.java:85)
	at org.testng.internal.Invoker.invokeMethod(Invoker.java:659)
	at org.testng.internal.Invoker.invokeTestMethod(Invoker.java:845)
	at org.testng.internal.Invoker.invokeTestMethods(Invoker.java:1153)
	at org.testng.internal.TestMethodWorker.invokeTestMethods(TestMethodWorker.java:125)
	at org.testng.internal.TestMethodWorker.run(TestMethodWorker.java:108)
	at org.testng.TestRunner.privateRun(TestRunner.java:771)
	at org.testng.TestRunner.run(TestRunner.java:621)
	at org.testng.SuiteRunner.runTest(SuiteRunner.java:357)
	at org.testng.SuiteRunner.runSequentially(SuiteRunner.java:352)
	at org.testng.SuiteRunner.privateRun(SuiteRunner.java:310)
	at org.testng.SuiteRunner.run(SuiteRunner.java:259)
	at org.testng.SuiteRunnerWorker.runSuite(SuiteRunnerWorker.java:52)
	at org.testng.SuiteRunnerWorker.run(SuiteRunnerWorker.java:86)
	at org.testng.TestNG.runSuitesSequentially(TestNG.java:1199)
	at org.testng.TestNG.runSuitesLocally(TestNG.java:1124)
	at org.testng.TestNG.run(TestNG.java:1032)
	at org.testng.remote.AbstractRemoteTestNG.run(AbstractRemoteTestNG.java:115)
	at org.testng.remote.RemoteTestNG.initAndRun(RemoteTestNG.java:251)
	at org.testng.remote.RemoteTestNG.main(RemoteTestNG.java:77)
</stack-trace>
            </failure>
            <steps>
                <step start="1628765226926" stop="1628765226926" status="passed">
                    <name>logStep[****** Validating 'sdkVersion' parameter of Criteo SDK config app call]</name>
                    <title>****** Validating 'sdkVersion' parameter of Criteo SDK config app call</title>
                </step>
                <step start="1628765227358" stop="1628765227358" status="passed">
                    <name>logStep[bidder.criteo.com  call is present]</name>
                    <title>bidder.criteo.com  call is present</title>
                </step>
                <step start="1628765227371" stop="1628765227371" status="passed">
                    <name>logStep[bidder.criteo.com/config/app call is present in Charles session]</name>
                    <title>bidder.criteo.com/config/app call is present in Charles session</title>
                </step>
                <step start="1628765227853" stop="1628765227853" status="passed">
                    <name>logStep[bidder.criteo.com  call is present]</name>
                    <title>bidder.criteo.com  call is present</title>
                </step>
                <step start="1628765227865" stop="1628765227865" status="passed">
                    <name>logStep[Custom Parameter :sdkVersion value: 4.4.0 is not matched with the expected value 3.10.1]</name>
                    <title>Custom Parameter :sdkVersion value: 4.4.0 is not matched with the expected value 3.10.1</title>
                </step>
            </steps>
            <attachments/>
            <labels>
                <label name="testSuite" value="Default suite"/>
                <label name="testGroup" value="Default test"/>
                <label name="testClass" value="twc.Regression.TestCases.regressionTestCases"/>
                <label name="testMethod" value="Validate_Criteo_SDK_config_app_Call_sdkVersion_parameter"/>
                <label name="host" value="AswinikumarsMBP.lan"/>
                <label name="thread" value="7290@AswinikumarsMBP.lan.main(1)"/>
            </labels>
        </test-case>
    </test-cases>
    <labels>
        <label name="framework" value="TestNG"/>
        <label name="language" value="JAVA"/>
    </labels>
</ns2:test-suite>
